2021-06-04 16:29:25 Setting up file system
2021-06-04 16:29:25 Chunking pdf filenames
2021-06-04 16:29:25 Splitting pdf file list: '/home/u00/ua/uar/irb-migration/rehearsal-1/summary-equivalence/pdf-text/chunk/file_list_one.txt'
2021-06-04 16:29:25 1000 entries found
2021-06-04 16:29:26 Splitting pdf file list: '/home/u00/ua/uar/irb-migration/rehearsal-1/summary-equivalence/pdf-text/chunk/file_list_two.txt'
2021-06-04 16:29:26 1000 entries found
2021-06-04 16:29:26 Running converter threads
2021-06-04 16:29:26 Converting env one pdfs to text
2021-06-04 16:29:26 Launching convert thread for chunk.03.txt with 125 commands(s)
2021-06-04 16:29:26 Launching convert thread for chunk.00.txt with 125 commands(s)
2021-06-04 16:29:26 Launching convert thread for chunk.05.txt with 125 commands(s)
2021-06-04 16:29:26 Launching convert thread for chunk.04.txt with 125 commands(s)
2021-06-04 16:29:26 Launching convert thread for chunk.01.txt with 125 commands(s)
2021-06-04 16:29:26 Launching convert thread for chunk.02.txt with 125 commands(s)
2021-06-04 16:29:26 Launching convert thread for chunk.06.txt with 125 commands(s)
2021-06-04 16:29:26 Launching convert thread for chunk.07.txt with 125 commands(s)
2021-06-04 16:29:27 Converting env two pdfs to text
2021-06-04 16:29:27 Launching convert thread for chunk.03.txt with 125 commands(s)
2021-06-04 16:29:27 Launching convert thread for chunk.00.txt with 125 commands(s)
2021-06-04 16:29:27 Launching convert thread for chunk.05.txt with 125 commands(s)
2021-06-04 16:29:27 Launching convert thread for chunk.04.txt with 125 commands(s)
2021-06-04 16:29:27 Launching convert thread for chunk.01.txt with 125 commands(s)
2021-06-04 16:29:27 Launching convert thread for chunk.02.txt with 125 commands(s)
2021-06-04 16:29:27 Launching convert thread for chunk.06.txt with 125 commands(s)
2021-06-04 16:29:27 Launching convert thread for chunk.07.txt with 125 commands(s)
2021-06-04 16:29:28 Chunking text filenames
2021-06-04 16:29:29 Splitting text file list: '/home/u00/ua/uar/irb-migration/rehearsal-1/summary-equivalence/pdf-text/chunk/text_file_list.txt'
2021-06-04 16:29:29 1000 entries found
2021-06-04 16:29:29 Running diff threads
2021-06-04 16:29:29 Launching diff thread for chunk.03.txt with 125 commands(s)
2021-06-04 16:29:29 text file: Protocol Summary Report 1912249761.txt
2021-06-04 16:29:29 Launching diff thread for chunk.00.txt with 125 commands(s)
2021-06-04 16:29:29 text file: Protocol Summary Report 1510150837.txt
2021-06-04 16:29:29 text file: Protocol Summary Report 1810994027.txt
2021-06-04 16:29:29 text file: Protocol Summary Report 1811123934.txt
2021-06-04 16:29:29 Launching diff thread for chunk.05.txt with 125 commands(s)
2021-06-04 16:29:29 text file: Protocol Summary Report 2012309050.txt
2021-06-04 16:29:29 text file: Protocol Summary Report 1912218764.txt
2021-06-04 16:29:29 text file: Protocol Summary Report 1810024451.txt
2021-06-04 16:29:29 text file: Protocol Summary Report 2011202525.txt
2021-06-04 16:29:29 Launching diff thread for chunk.04.txt with 125 commands(s)
2021-06-04 16:29:29 text file: Protocol Summary Report 1601343316.txt
2021-06-04 16:29:29 text file: Protocol Summary Report 1907765145.txt
2021-06-04 16:29:29 text file: Protocol Summary Report 1609866264.txt
2021-06-04 16:29:29 text file: Protocol Summary Report 1200000814.txt
2021-06-04 16:29:29 text file: Protocol Summary Report 2101363815.txt
2021-06-04 16:29:29 text file: Protocol Summary Report 1708775881.txt
2021-06-04 16:29:29 Launching diff thread for chunk.01.txt with 125 commands(s)
2021-06-04 16:29:29 text file: Protocol Summary Report 0600000560.txt
2021-06-04 16:29:29 text file: Protocol Summary Report 2010129780.txt
2021-06-04 16:29:29 text file: Protocol Summary Report 1701124734.txt
2021-06-04 16:29:29 text file: Protocol Summary Report 1300000002.txt
2021-06-04 16:29:29 text file: Protocol Summary Report 1300000287.txt
2021-06-04 16:29:29 text file: Protocol Summary Report 1300000218.txt
2021-06-04 16:29:29 text file: Protocol Summary Report 1707678555.txt
2021-06-04 16:29:29 Launching diff thread for chunk.02.txt with 125 commands(s)
2021-06-04 16:29:29 text file: Protocol Summary Report 1508040199.txt
2021-06-04 16:29:29 text file: Protocol Summary Report 1807808362.txt
2021-06-04 16:29:29 text file: Protocol Summary Report 2008935825.txt
2021-06-04 16:29:29 text file: Protocol Summary Report 0900000620.txt
2021-06-04 16:29:29 text file: Protocol Summary Report 1409464099.txt
2021-06-04 16:29:29 text file: Protocol Summary Report 1300000459.txt
2021-06-04 16:29:29 text file: Protocol Summary Report 0900001072.txt
2021-06-04 16:29:29 text file: Protocol Summary Report 1407393186.txt
2021-06-04 16:29:29 text file: Protocol Summary Report 1404294980.txt
2021-06-04 16:29:29 Launching diff thread for chunk.06.txt with 125 commands(s)
2021-06-04 16:29:29 text file: Protocol Summary Report 1607704238.txt
2021-06-04 16:29:29 text file: Protocol Summary Report 1609835002.txt
2021-06-04 16:29:29 text file: Protocol Summary Report 1908925339.txt
2021-06-04 16:29:29 text file: Protocol Summary Report 0900000407.txt
2021-06-04 16:29:29 text file: Protocol Summary Report 1510170135.txt
2021-06-04 16:29:29 text file: Protocol Summary Report 1408430592.txt
2021-06-04 16:29:29 text file: Protocol Summary Report 1405312382.txt
2021-06-04 16:29:29 text file: Protocol Summary Report 0100000752.txt
2021-06-04 16:29:29 text file: Protocol Summary Report 2010159388.txt
2021-06-04 16:29:29 text file: Protocol Summary Report 0600000861.txt
2021-06-04 16:29:29 Launching diff thread for chunk.07.txt with 125 commands(s)
2021-06-04 16:29:29 text file: Protocol Summary Report 1901307063.txt
2021-06-04 16:29:29 text file: Protocol Summary Report 1506947760.txt
2021-06-04 16:29:29 text file: Protocol Summary Report 2003488427.txt
2021-06-04 16:29:29 text file: Protocol Summary Report 2012261341.txt
2021-06-04 16:29:29 text file: Protocol Summary Report 1410544334.txt
2021-06-04 16:29:29 text file: Protocol Summary Report 1709860399.txt
2021-06-04 16:29:29 text file: Protocol Summary Report 1000000724.txt
2021-06-04 16:29:29 text file: Protocol Summary Report 1507987979.txt
2021-06-04 16:29:29 text file: Protocol Summary Report 1300000633.txt
2021-06-04 16:29:29 text file: Protocol Summary Report 1100000351.txt
2021-06-04 16:29:29 text file: Protocol Summary Report 1402206330.txt
2021-06-04 16:29:29 text file: Protocol Summary Report 1808871341.txt
2021-06-04 16:29:29 text file: Protocol Summary Report 0900001136.txt
2021-06-04 16:29:29 text file: Protocol Summary Report 2104698381.txt
2021-06-04 16:29:29 text file: Protocol Summary Report 0900000158.txt
2021-06-04 16:29:29 text file: Protocol Summary Report 1604543883.txt
2021-06-04 16:29:29 text file: Protocol Summary Report 1711980503.txt
2021-06-04 16:29:29 text file: Protocol Summary Report 1706584745.txt
2021-06-04 16:29:29 text file: Protocol Summary Report 1812207798.txt
2021-06-04 16:29:29 text file: Protocol Summary Report 1406365008.txt
2021-06-04 16:29:29 text file: Protocol Summary Report 2010174558.txt
2021-06-04 16:29:29 text file: Protocol Summary Report 1907776149.txt
2021-06-04 16:29:29 text file: Protocol Summary Report 0900000722.txt
2021-06-04 16:29:29 text file: Protocol Summary Report 1412611184.txt
2021-06-04 16:29:29 text file: Protocol Summary Report 1801192785.txt
2021-06-04 16:29:29 text file: Protocol Summary Report 1300000020.txt
2021-06-04 16:29:29 text file: Protocol Summary Report 2104689271.txt
2021-06-04 16:29:29 text file: Protocol Summary Report 1000000723.txt
2021-06-04 16:29:29 text file: Protocol Summary Report 1712073322.txt
2021-06-04 16:29:29 text file: Protocol Summary Report 1200000132.txt
2021-06-04 16:29:29 text file: Protocol Summary Report 1703261134.txt
2021-06-04 16:29:29 text file: Protocol Summary Report 1300000330.txt
2021-06-04 16:29:29 text file: Protocol Summary Report 1000000074.txt
2021-06-04 16:29:29 text file: Protocol Summary Report 1905646789.txt
2021-06-04 16:29:29 text file: Protocol Summary Report 1403260569.txt
2021-06-04 16:29:29 text file: Protocol Summary Report 1905608896.txt
2021-06-04 16:29:29 text file: Protocol Summary Report 1300000438.txt
2021-06-04 16:29:29 text file: Protocol Summary Report 2005645397.txt
2021-06-04 16:29:29 text file: Protocol Summary Report 1610956656.txt
2021-06-04 16:29:29 text file: Protocol Summary Report 1200000093.txt
2021-06-04 16:29:29 text file: Protocol Summary Report 1300000293.txt
2021-06-04 16:29:29 text file: Protocol Summary Report 1710890968.txt
2021-06-04 16:29:29 text file: Protocol Summary Report 1812232320.txt
2021-06-04 16:29:29 text file: Protocol Summary Report 2007904366.txt
2021-06-04 16:29:29 text file: Protocol Summary Report 1000000966.txt
2021-06-04 16:29:29 text file: Protocol Summary Report 1100000233.txt
2021-06-04 16:29:29 text file: Protocol Summary Report 1901279578.txt
2021-06-04 16:29:29 text file: Protocol Summary Report 1903440435.txt
2021-06-04 16:29:29 text file: Protocol Summary Report 1909004853.txt
2021-06-04 16:29:29 text file: Protocol Summary Report 1905620803.txt
2021-06-04 16:29:29 text file: Protocol Summary Report 1510182045.txt
2021-06-04 16:29:29 text file: Protocol Summary Report 1612088297.txt
2021-06-04 16:29:29 text file: Protocol Summary Report 1610917839.txt
2021-06-04 16:29:29 text file: Protocol Summary Report 0900000549.txt
2021-06-04 16:29:29 text file: Protocol Summary Report 1506947767.txt
2021-06-04 16:29:29 text file: Protocol Summary Report 2001346445.txt
2021-06-04 16:29:29 text file: Protocol Summary Report 1605601842.txt
2021-06-04 16:29:29 text file: Protocol Summary Report 1810037144.txt
2021-06-04 16:29:29 text file: Protocol Summary Report 2101358287.txt
2021-06-04 16:29:29 text file: Protocol Summary Report 1908867380.txt
2021-06-04 16:29:29 text file: Protocol Summary Report 1711019418.txt
2021-06-04 16:29:29 text file: Protocol Summary Report 1909995546.txt
2021-06-04 16:29:29 text file: Protocol Summary Report 1000000840.txt
2021-06-04 16:29:29 text file: Protocol Summary Report 1000000388.txt
2021-06-04 16:29:29 text file: Protocol Summary Report 1908868871.txt
2021-06-04 16:29:29 text file: Protocol Summary Report 1706581425.txt
2021-06-04 16:29:29 text file: Protocol Summary Report 1906709234.txt
2021-06-04 16:29:29 text file: Protocol Summary Report 1605578336.txt
2021-06-04 16:29:29 text file: Protocol Summary Report 1200000530.txt
2021-06-04 16:29:29 text file: Protocol Summary Report 1701159558.txt
2021-06-04 16:29:29 text file: Protocol Summary Report 1408460182.txt
2021-06-04 16:29:29 text file: Protocol Summary Report 1505869791.txt
2021-06-04 16:29:29 text file: Protocol Summary Report 1312167009.txt
2021-06-04 16:29:29 text file: Protocol Summary Report 0800001072.txt
2021-06-04 16:29:29 text file: Protocol Summary Report 1407398919.txt
2021-06-04 16:29:29 text file: Protocol Summary Report 1802263565.txt
2021-06-04 16:29:29 text file: Protocol Summary Report 1200000208.txt
2021-06-04 16:29:29 text file: Protocol Summary Report 1200000001.txt
2021-06-04 16:29:29 text file: Protocol Summary Report 1810993219.txt
2021-06-04 16:29:29 text file: Protocol Summary Report 1902352146.txt
2021-06-04 16:29:29 text file: Protocol Summary Report 1709876629.txt
2021-06-04 16:29:29 text file: Protocol Summary Report 1300000596.txt
2021-06-04 16:29:29 text file: Protocol Summary Report 1300000645.txt
2021-06-04 16:29:29 text file: Protocol Summary Report 1300000592.txt
2021-06-04 16:29:29 text file: Protocol Summary Report 1511238379.txt
2021-06-04 16:29:29 text file: Protocol Summary Report 1807756590.txt
2021-06-04 16:29:29 text file: Protocol Summary Report 1610960811.txt
2021-06-04 16:29:29 text file: Protocol Summary Report 2004542282.txt
2021-06-04 16:29:29 text file: Protocol Summary Report 1609871380.txt
2021-06-04 16:29:29 text file: Protocol Summary Report 2101402611.txt
2021-06-04 16:29:29 text file: Protocol Summary Report 1611029667.txt
2021-06-04 16:29:29 text file: Protocol Summary Report 2003427519.txt
2021-06-04 16:29:29 text file: Protocol Summary Report 1702210391.txt
2021-06-04 16:29:29 text file: Protocol Summary Report 1612092448.txt
2021-06-04 16:29:29 text file: Protocol Summary Report 0800000610.txt
2021-06-04 16:29:29 text file: Protocol Summary Report 1904530399.txt
2021-06-04 16:29:29 text file: Protocol Summary Report 1407418049.txt
2021-06-04 16:29:29 text file: Protocol Summary Report 2011183837.txt
2021-06-04 16:29:29 text file: Protocol Summary Report 1300000810.txt
2021-06-04 16:29:29 text file: Protocol Summary Report 1412587497.txt
2021-06-04 16:29:29 text file: Protocol Summary Report 2002383094.txt
2021-06-04 16:29:29 text file: Protocol Summary Report 1803350682.txt
2021-06-04 16:29:29 text file: Protocol Summary Report 1601322460.txt
2021-06-04 16:29:29 text file: Protocol Summary Report 1707686687.txt
2021-06-04 16:29:29 text file: Protocol Summary Report 1607732214.txt
2021-06-04 16:29:29 text file: Protocol Summary Report 1707615442.txt
2021-06-04 16:29:29 text file: Protocol Summary Report 1911130326.txt
2021-06-04 16:29:29 text file: Protocol Summary Report 2009033281.txt
2021-06-04 16:29:29 text file: Protocol Summary Report 1501654718.txt
2021-06-04 16:29:29 text file: Protocol Summary Report 1402227372.txt
2021-06-04 16:29:29 text file: Protocol Summary Report 1712143057.txt
2021-06-04 16:29:29 text file: Protocol Summary Report 1711056987.txt
2021-06-04 16:29:29 text file: Protocol Summary Report 1300000301.txt
2021-06-04 16:29:29 text file: Protocol Summary Report 1000000937.txt
2021-06-04 16:29:29 text file: Protocol Summary Report 1508028780.txt
2021-06-04 16:29:29 text file: Protocol Summary Report 1511204507.txt
2021-06-04 16:29:29 text file: Protocol Summary Report 2101393779.txt
2021-06-04 16:29:29 text file: Protocol Summary Report 1701114637.txt
2021-06-04 16:29:29 text file: Protocol Summary Report 2102460775.txt
2021-06-04 16:29:29 text file: Protocol Summary Report 1300000367.txt
2021-06-04 16:29:29 text file: Protocol Summary Report 2008909211.txt
2021-06-04 16:29:29 text file: Protocol Summary Report 1000000150.txt
2021-06-04 16:29:29 text file: Protocol Summary Report 1711029944.txt
2021-06-04 16:29:29 text file: Protocol Summary Report 1811138403.txt
2021-06-04 16:29:29 text file: Protocol Summary Report 1704346432.txt
2021-06-04 16:29:29 text file: Protocol Summary Report 1200000558.txt
2021-06-04 16:29:29 text file: Protocol Summary Report 1609887123.txt
2021-06-04 16:29:29 text file: Protocol Summary Report 1907767143.txt
2021-06-04 16:29:29 text file: Protocol Summary Report 2002375111.txt
2021-06-04 16:29:29 text file: Protocol Summary Report 1809953831.txt
2021-06-04 16:29:29 text file: Protocol Summary Report 1300000571.txt
2021-06-04 16:29:29 text file: Protocol Summary Report 1401175258.txt
2021-06-04 16:29:29 text file: Protocol Summary Report 1909997957.txt
2021-06-04 16:29:29 text file: Protocol Summary Report 1407400846.txt
2021-06-04 16:29:29 text file: Protocol Summary Report 1200000209.txt
2021-06-04 16:29:29 text file: Protocol Summary Report 2006764750.txt
2021-06-04 16:29:29 text file: Protocol Summary Report 1905618308.txt
2021-06-04 16:29:29 text file: Protocol Summary Report 1000000036.txt
2021-06-04 16:29:29 text file: Protocol Summary Report 1610947073.txt
2021-06-04 16:29:29 text file: Protocol Summary Report 1607686089.txt
2021-06-04 16:29:29 text file: Protocol Summary Report 1503727646.txt
2021-06-04 16:29:29 text file: Protocol Summary Report 1910034091.txt
2021-06-04 16:29:29 text file: Protocol Summary Report 1705423318.txt
2021-06-04 16:29:29 text file: Protocol Summary Report 1701158427.txt
2021-06-04 16:29:29 text file: Protocol Summary Report 1605592016.txt
2021-06-04 16:29:29 text file: Protocol Summary Report 1509097312.txt
2021-06-04 16:29:29 text file: Protocol Summary Report 1300000424.txt
2021-06-04 16:29:29 text file: Protocol Summary Report 1300000070.txt
2021-06-04 16:29:29 text file: Protocol Summary Report 2010138625.txt
2021-06-04 16:29:29 text file: Protocol Summary Report 1602381312.txt
2021-06-04 16:29:29 text file: Protocol Summary Report 1603484136.txt
2021-06-04 16:29:29 text file: Protocol Summary Report 1506899209.txt
2021-06-04 16:29:29 text file: Protocol Summary Report 0900000847.txt
2021-06-04 16:29:29 text file: Protocol Summary Report 1402223367.txt
2021-06-04 16:29:29 text file: Protocol Summary Report 1805527035.txt
2021-06-04 16:29:29 text file: Protocol Summary Report 1605584053.txt
2021-06-04 16:29:29 text file: Protocol Summary Report 2009067392.txt
2021-06-04 16:29:29 text file: Protocol Summary Report 0600000676.txt
2021-06-04 16:29:29 text file: Protocol Summary Report 1711069340.txt
2021-06-04 16:29:29 text file: Protocol Summary Report 2011239084.txt
2021-06-04 16:29:29 text file: Protocol Summary Report 1512282195.txt
2021-06-04 16:29:29 text file: Protocol Summary Report 1803383945.txt
2021-06-04 16:29:29 text file: Protocol Summary Report 0600000647.txt
2021-06-04 16:29:29 text file: Protocol Summary Report 1405313630.txt
2021-06-04 16:29:29 text file: Protocol Summary Report 1801178422.txt
2021-06-04 16:29:29 text file: Protocol Summary Report 1801178468.txt
2021-06-04 16:29:29 text file: Protocol Summary Report 2006765005.txt
2021-06-04 16:29:29 text file: Protocol Summary Report 1706533496.txt
2021-06-04 16:29:29 text file: Protocol Summary Report 1811101121.txt
2021-06-04 16:29:29 text file: Protocol Summary Report 1703309058.txt
2021-06-04 16:29:29 text file: Protocol Summary Report 1200000507.txt
2021-06-04 16:29:29 text file: Protocol Summary Report 2007873244.txt
2021-06-04 16:29:29 text file: Protocol Summary Report 1300000289.txt
2021-06-04 16:29:29 text file: Protocol Summary Report 1812189704.txt
2021-06-04 16:29:29 text file: Protocol Summary Report 1410542936.txt
2021-06-04 16:29:29 text file: Protocol Summary Report 1300000244.txt
2021-06-04 16:29:29 text file: Protocol Summary Report 2010136888.txt
2021-06-04 16:29:29 text file: Protocol Summary Report 1412604380.txt
2021-06-04 16:29:29 text file: Protocol Summary Report 1000000960.txt
2021-06-04 16:29:29 text file: Protocol Summary Report 1100000598.txt
2021-06-04 16:29:29 text file: Protocol Summary Report 1908859554.txt
2021-06-04 16:29:29 text file: Protocol Summary Report 1409464386.txt
2021-06-04 16:29:29 text file: Protocol Summary Report 0500000103.txt
2021-06-04 16:29:29 text file: Protocol Summary Report 1907776807.txt
2021-06-04 16:29:29 text file: Protocol Summary Report 1405325720.txt
2021-06-04 16:29:29 text file: Protocol Summary Report 1805623350.txt
2021-06-04 16:29:29 text file: Protocol Summary Report 1609831855.txt
2021-06-04 16:29:29 text file: Protocol Summary Report 1100000125.txt
2021-06-04 16:29:29 text file: Protocol Summary Report 2008994256.txt
2021-06-04 16:29:29 text file: Protocol Summary Report 2003521629.txt
2021-06-04 16:29:29 text file: Protocol Summary Report 1904531116.txt
2021-06-04 16:29:29 text file: Protocol Summary Report 2001337677.txt
2021-06-04 16:29:29 text file: Protocol Summary Report 1709826640.txt
2021-06-04 16:29:29 text file: Protocol Summary Report 1508023387.txt
2021-06-04 16:29:29 text file: Protocol Summary Report 1000000050.txt
2021-06-04 16:29:29 text file: Protocol Summary Report 1405330884.txt
2021-06-04 16:29:29 text file: Protocol Summary Report 1802307279.txt
2021-06-04 16:29:29 text file: Protocol Summary Report 1806672491.txt
2021-06-04 16:29:29 text file: Protocol Summary Report 1300000777.txt
2021-06-04 16:29:29 text file: Protocol Summary Report 2009015042.txt
2021-06-04 16:29:29 text file: Protocol Summary Report 2003522623.txt
2021-06-04 16:29:29 text file: Protocol Summary Report 1701117981.txt
2021-06-04 16:29:29 text file: Protocol Summary Report 1403269266.txt
2021-06-04 16:29:29 text file: Protocol Summary Report 1300000489.txt
2021-06-04 16:29:29 text file: Protocol Summary Report 1907826056.txt
2021-06-04 16:29:29 text file: Protocol Summary Report 0900001084.txt
2021-06-04 16:29:29 text file: Protocol Summary Report 1701168406.txt
2021-06-04 16:29:29 text file: Protocol Summary Report 0900000966.txt
2021-06-04 16:29:29 text file: Protocol Summary Report 1805611519.txt
2021-06-04 16:29:29 text file: Protocol Summary Report 1200000422.txt
2021-06-04 16:29:29 text file: Protocol Summary Report 1505825874.txt
2021-06-04 16:29:29 text file: Protocol Summary Report 1703268709.txt
2021-06-04 16:29:29 text file: Protocol Summary Report 1610927941.txt
2021-06-04 16:29:29 text file: Protocol Summary Report 1606627869.txt
2021-06-04 16:29:29 text file: Protocol Summary Report 1100000586.txt
2021-06-04 16:29:29 text file: Protocol Summary Report 1506896031.txt
2021-06-04 16:29:29 text file: Protocol Summary Report 1300000161.txt
2021-06-04 16:29:29 text file: Protocol Summary Report 1200000648.txt
2021-06-04 16:29:29 text file: Protocol Summary Report 2007903048.txt
2021-06-04 16:29:29 text file: Protocol Summary Report 1605602444.txt
2021-06-04 16:29:29 text file: Protocol Summary Report 1812226054.txt
2021-06-04 16:29:29 text file: Protocol Summary Report 1903471008.txt
2021-06-04 16:29:29 text file: Protocol Summary Report 1811122945.txt
2021-06-04 16:29:29 text file: Protocol Summary Report 1606665231.txt
2021-06-04 16:29:29 text file: Protocol Summary Report 1408433145.txt
2021-06-04 16:29:29 text file: Protocol Summary Report 1402222262.txt
2021-06-04 16:29:29 text file: Protocol Summary Report 1300000033.txt
2021-06-04 16:29:29 text file: Protocol Summary Report 1100000331.txt
2021-06-04 16:29:29 text file: Protocol Summary Report 1910116415.txt
2021-06-04 16:29:29 text file: Protocol Summary Report 2102511789.txt
2021-06-04 16:29:29 text file: Protocol Summary Report 1809946574.txt
2021-06-04 16:29:29 text file: Protocol Summary Report 2007903121.txt
2021-06-04 16:29:29 text file: Protocol Summary Report 1705483954.txt
2021-06-04 16:29:29 text file: Protocol Summary Report 1507003951.txt
2021-06-04 16:29:29 text file: Protocol Summary Report 1704384122.txt
2021-06-04 16:29:29 text file: Protocol Summary Report 1612035784.txt
2021-06-04 16:29:29 text file: Protocol Summary Report 1807808383.txt
2021-06-04 16:29:29 text file: Protocol Summary Report 0900000310.txt
2021-06-04 16:29:29 text file: Protocol Summary Report 1605562409.txt
2021-06-04 16:29:29 text file: Protocol Summary Report 1910060642.txt
2021-06-04 16:29:29 text file: Protocol Summary Report 1711034164.txt
2021-06-04 16:29:29 text file: Protocol Summary Report 2007816829.txt
2021-06-04 16:29:29 text file: Protocol Summary Report 1411585363.txt
2021-06-04 16:29:29 text file: Protocol Summary Report 1606663854.txt
2021-06-04 16:29:29 text file: Protocol Summary Report 2103650822.txt
2021-06-04 16:29:29 text file: Protocol Summary Report 1706533249.txt
2021-06-04 16:29:29 text file: Protocol Summary Report 1404284361.txt
2021-06-04 16:29:29 text file: Protocol Summary Report 2003441054.txt
2021-06-04 16:29:29 text file: Protocol Summary Report 1300000206.txt
2021-06-04 16:29:29 text file: Protocol Summary Report 1000000764.txt
2021-06-04 16:29:29 text file: Protocol Summary Report 2004580962.txt
2021-06-04 16:29:29 text file: Protocol Summary Report 1200000420.txt
2021-06-04 16:29:29 text file: Protocol Summary Report 1805616077.txt
2021-06-04 16:29:29 text file: Protocol Summary Report 1601327116.txt
2021-06-04 16:29:29 text file: Protocol Summary Report 1405314639.txt
2021-06-04 16:29:29 text file: Protocol Summary Report 1905588837.txt
2021-06-04 16:29:29 text file: Protocol Summary Report 1300000482.txt
2021-06-04 16:29:29 text file: Protocol Summary Report 1707678938.txt
2021-06-04 16:29:29 text file: Protocol Summary Report 2008003087.txt
2021-06-04 16:29:29 text file: Protocol Summary Report 2104701414.txt
2021-06-04 16:29:29 text file: Protocol Summary Report 1706563243.txt
2021-06-04 16:29:29 text file: Protocol Summary Report 1406353749.txt
2021-06-04 16:29:29 text file: Protocol Summary Report 1605579273.txt
2021-06-04 16:29:29 text file: Protocol Summary Report 1901297974.txt
2021-06-04 16:29:29 text file: Protocol Summary Report 1912248240.txt
2021-06-04 16:29:29 text file: Protocol Summary Report 1908905450.txt
2021-06-04 16:29:29 text file: Protocol Summary Report 1906731153.txt
2021-06-04 16:29:29 text file: Protocol Summary Report 1809930659.txt
2021-06-04 16:29:29 text file: Protocol Summary Report 1200000865.txt
2021-06-04 16:29:29 text file: Protocol Summary Report 2004556826.txt
2021-06-04 16:29:29 text file: Protocol Summary Report 1412599347.txt
2021-06-04 16:29:29 text file: Protocol Summary Report 1200000760.txt
2021-06-04 16:29:29 text file: Protocol Summary Report 2102481499.txt
2021-06-04 16:29:29 text file: Protocol Summary Report 1708746174.txt
2021-06-04 16:29:29 text file: Protocol Summary Report 1100000006.txt
2021-06-04 16:29:29 text file: Protocol Summary Report 1802241875.txt
2021-06-04 16:29:29 text file: Protocol Summary Report 1200000571.txt
2021-06-04 16:29:29 text file: Protocol Summary Report 0900000437.txt
2021-06-04 16:29:29 text file: Protocol Summary Report 1403260141.txt
2021-06-04 16:29:29 text file: Protocol Summary Report 1704356093.txt
2021-06-04 16:29:29 text file: Protocol Summary Report 1300000374.txt
2021-06-04 16:29:29 text file: Protocol Summary Report 1300000379.txt
2021-06-04 16:29:29 text file: Protocol Summary Report 1406382552.txt
2021-06-04 16:29:29 text file: Protocol Summary Report 1406384521.txt
2021-06-04 16:29:29 text file: Protocol Summary Report 1907819812.txt
2021-06-04 16:29:29 text file: Protocol Summary Report 1200000454.txt
2021-06-04 16:29:29 text file: Protocol Summary Report 1703296360.txt
2021-06-04 16:29:29 text file: Protocol Summary Report 1701124116.txt
2021-06-04 16:29:29 text file: Protocol Summary Report 1502682979.txt
2021-06-04 16:29:29 text file: Protocol Summary Report 1000000462.txt
2021-06-04 16:29:29 text file: Protocol Summary Report 1406357748.txt
2021-06-04 16:29:29 text file: Protocol Summary Report 1803376523.txt
2021-06-04 16:29:29 text file: Protocol Summary Report 1909985853.txt
2021-06-04 16:29:29 text file: Protocol Summary Report 1811109684.txt
2021-06-04 16:29:29 text file: Protocol Summary Report 0800000630.txt
2021-06-04 16:29:29 text file: Protocol Summary Report 1901295127.txt
2021-06-04 16:29:29 text file: Protocol Summary Report 1300000729.txt
2021-06-04 16:29:29 text file: Protocol Summary Report 2101359217.txt
2021-06-04 16:29:29 text file: Protocol Summary Report 1805547838.txt
2021-06-04 16:29:29 text file: Protocol Summary Report 1609856919.txt
2021-06-04 16:29:29 text file: Protocol Summary Report 1411572590.txt
2021-06-04 16:29:29 text file: Protocol Summary Report 2103616745.txt
2021-06-04 16:29:29 text file: Protocol Summary Report 1200000861.txt
2021-06-04 16:29:29 text file: Protocol Summary Report 2002374195.txt
2021-06-04 16:29:29 text file: Protocol Summary Report 1000000877.txt
2021-06-04 16:29:29 text file: Protocol Summary Report 1602370867.txt
2021-06-04 16:29:29 text file: Protocol Summary Report 1300000062.txt
2021-06-04 16:29:29 text file: Protocol Summary Report 1200000221.txt
2021-06-04 16:29:29 text file: Protocol Summary Report 1410543918.txt
2021-06-04 16:29:29 text file: Protocol Summary Report 0900000702.txt
2021-06-04 16:29:29 text file: Protocol Summary Report 1503723782.txt
2021-06-04 16:29:29 text file: Protocol Summary Report 1300000694.txt
2021-06-04 16:29:29 text file: Protocol Summary Report 0900000296.txt
2021-06-04 16:29:29 text file: Protocol Summary Report 1200001026.txt
2021-06-04 16:29:29 text file: Protocol Summary Report 2005689436.txt
2021-06-04 16:29:29 text file: Protocol Summary Report 1807790032.txt
2021-06-04 16:29:29 text file: Protocol Summary Report 1100001016.txt
2021-06-04 16:29:29 text file: Protocol Summary Report 1401184847.txt
2021-06-04 16:29:29 text file: Protocol Summary Report 1909969754.txt
2021-06-04 16:29:29 text file: Protocol Summary Report 1805535307.txt
2021-06-04 16:29:29 text file: Protocol Summary Report 1608797259.txt
2021-06-04 16:29:29 text file: Protocol Summary Report 1707641074.txt
2021-06-04 16:29:29 text file: Protocol Summary Report 1710882965.txt
2021-06-04 16:29:29 text file: Protocol Summary Report 1805539399.txt
2021-06-04 16:29:29 text file: Protocol Summary Report 0900000578.txt
2021-06-04 16:29:29 text file: Protocol Summary Report 1501656889.txt
2021-06-04 16:29:29 text file: Protocol Summary Report 1801176708.txt
2021-06-04 16:29:29 text file: Protocol Summary Report 2010112654.txt
2021-06-04 16:29:29 text file: Protocol Summary Report 1811091269.txt
2021-06-04 16:29:29 text file: Protocol Summary Report 8800000256.txt
2021-06-04 16:29:29 text file: Protocol Summary Report 1404282693.txt
2021-06-04 16:29:29 text file: Protocol Summary Report 1711035690.txt
2021-06-04 16:29:29 text file: Protocol Summary Report 1709817438.txt
2021-06-04 16:29:29 text file: Protocol Summary Report 0200000640.txt
2021-06-04 16:29:29 text file: Protocol Summary Report 1907799699.txt
2021-06-04 16:29:29 text file: Protocol Summary Report 1907825470.txt
2021-06-04 16:29:29 text file: Protocol Summary Report 2001338640.txt
2021-06-04 16:29:29 text file: Protocol Summary Report 1000000793.txt
2021-06-04 16:29:29 text file: Protocol Summary Report 1710978181.txt
2021-06-04 16:29:29 text file: Protocol Summary Report 2102464790.txt
2021-06-04 16:29:29 text file: Protocol Summary Report 1100000383.txt
2021-06-04 16:29:29 text file: Protocol Summary Report 1508074640.txt
2021-06-04 16:29:29 text file: Protocol Summary Report 1612089212.txt
2021-06-04 16:29:29 text file: Protocol Summary Report 1000000932.txt
2021-06-04 16:29:29 text file: Protocol Summary Report 2009060526.txt
2021-06-04 16:29:29 text file: Protocol Summary Report 1707612108.txt
2021-06-04 16:29:29 text file: Protocol Summary Report 2103548574.txt
2021-06-04 16:29:29 text file: Protocol Summary Report 1906722264.txt
2021-06-04 16:29:29 text file: Protocol Summary Report 1300000169.txt
2021-06-04 16:29:29 text file: Protocol Summary Report 1603465974.txt
2021-06-04 16:29:29 text file: Protocol Summary Report 1911188476.txt
2021-06-04 16:29:29 text file: Protocol Summary Report 1610961610.txt
2021-06-04 16:29:29 text file: Protocol Summary Report 2010163445.txt
2021-06-04 16:29:29 text file: Protocol Summary Report 1709801172.txt
2021-06-04 16:29:29 text file: Protocol Summary Report 0900000709.txt
2021-06-04 16:29:29 text file: Protocol Summary Report 1408450912.txt
2021-06-04 16:29:29 text file: Protocol Summary Report 2009058111.txt
2021-06-04 16:29:29 text file: Protocol Summary Report 1300000537.txt
2021-06-04 16:29:29 text file: Protocol Summary Report 2011187128.txt
2021-06-04 16:29:29 text file: Protocol Summary Report 1806697462.txt
2021-06-04 16:29:29 text file: Protocol Summary Report 1509137444.txt
2021-06-04 16:29:29 text file: Protocol Summary Report 1100000651.txt
2021-06-04 16:29:29 text file: Protocol Summary Report 1511230344.txt
2021-06-04 16:29:29 text file: Protocol Summary Report 1712122997.txt
2021-06-04 16:29:29 text file: Protocol Summary Report 1100000873.txt
2021-06-04 16:29:29 text file: Protocol Summary Report 1000000083.txt
2021-06-04 16:29:29 text file: Protocol Summary Report 1708714315.txt
2021-06-04 16:29:29 text file: Protocol Summary Report 1506946225.txt
2021-06-04 16:29:29 text file: Protocol Summary Report 1100000976.txt
2021-06-04 16:29:29 text file: Protocol Summary Report 2007847180.txt
2021-06-04 16:29:29 text file: Protocol Summary Report 2008909226.txt
2021-06-04 16:29:29 text file: Protocol Summary Report 1810983290.txt
2021-06-04 16:29:29 text file: Protocol Summary Report 2003462063.txt
2021-06-04 16:29:29 text file: Protocol Summary Report 1504780774.txt
2021-06-04 16:29:29 text file: Protocol Summary Report 1612058274.txt
2021-06-04 16:29:29 text file: Protocol Summary Report 1903423081.txt
2021-06-04 16:29:29 text file: Protocol Summary Report 1906716885.txt
2021-06-04 16:29:29 text file: Protocol Summary Report 1405335278.txt
2021-06-04 16:29:29 text file: Protocol Summary Report 1801194591.txt
2021-06-04 16:29:29 text file: Protocol Summary Report 1802249963.txt
2021-06-04 16:29:29 text file: Protocol Summary Report 2102467313.txt
2021-06-04 16:29:29 text file: Protocol Summary Report 1901317371.txt
2021-06-04 16:29:29 text file: Protocol Summary Report 1911144328.txt
2021-06-04 16:29:29 text file: Protocol Summary Report 2103639960.txt
2021-06-04 16:29:29 text file: Protocol Summary Report 1100000510.txt
2021-06-04 16:29:29 text file: Protocol Summary Report 1200000498.txt
2021-06-04 16:29:29 text file: Protocol Summary Report 1902322670.txt
2021-06-04 16:29:29 text file: Protocol Summary Report 1200000869.txt
2021-06-04 16:29:29 text file: Protocol Summary Report 1904516575.txt
2021-06-04 16:29:29 text file: Protocol Summary Report 1811142055.txt
2021-06-04 16:29:29 text file: Protocol Summary Report 1300000518.txt
2021-06-04 16:29:29 text file: Protocol Summary Report 1300000251.txt
2021-06-04 16:29:29 text file: Protocol Summary Report 1505874846.txt
2021-06-04 16:29:29 text file: Protocol Summary Report 1503738018.txt
2021-06-04 16:29:29 text file: Protocol Summary Report 1403257524.txt
2021-06-04 16:29:29 text file: Protocol Summary Report 1200000974.txt
2021-06-04 16:29:29 text file: Protocol Summary Report 1000000350.txt
2021-06-04 16:29:29 text file: Protocol Summary Report 2010152571.txt
2021-06-04 16:29:29 text file: Protocol Summary Report 1000000604.txt
2021-06-04 16:29:29 text file: Protocol Summary Report 2009062057.txt
2021-06-04 16:29:29 text file: Protocol Summary Report 1509135502.txt
2021-06-04 16:29:29 text file: Protocol Summary Report 1805624666.txt
2021-06-04 16:29:29 text file: Protocol Summary Report 1912198990.txt
2021-06-04 16:29:29 text file: Protocol Summary Report 2007825109.txt
2021-06-04 16:29:29 text file: Protocol Summary Report 1907813888.txt
2021-06-04 16:29:29 text file: Protocol Summary Report 1910035869.txt
2021-06-04 16:29:29 text file: Protocol Summary Report 1601302303.txt
2021-06-04 16:29:29 text file: Protocol Summary Report 1608804481.txt
2021-06-04 16:29:29 text file: Protocol Summary Report 1908906332.txt
2021-06-04 16:29:29 text file: Protocol Summary Report 1403239632.txt
2021-06-04 16:29:29 text file: Protocol Summary Report 1808913591.txt
2021-06-04 16:29:29 text file: Protocol Summary Report 1510150972.txt
2021-06-04 16:29:29 text file: Protocol Summary Report 1502688010.txt
2021-06-04 16:29:29 text file: Protocol Summary Report 1701156805.txt
2021-06-04 16:29:29 text file: Protocol Summary Report 1501644866.txt
2021-06-04 16:29:29 text file: Protocol Summary Report 1411557241.txt
2021-06-04 16:29:29 text file: Protocol Summary Report 1512268696.txt
2021-06-04 16:29:29 text file: Protocol Summary Report 1908925013.txt
2021-06-04 16:29:29 text file: Protocol Summary Report 1300000116.txt
2021-06-04 16:29:29 text file: Protocol Summary Report 1512293376.txt
2021-06-04 16:29:29 text file: Protocol Summary Report 1609888910.txt
2021-06-04 16:29:29 text file: Protocol Summary Report 1603483139.txt
2021-06-04 16:29:29 text file: Protocol Summary Report 1906744170.txt
2021-06-04 16:29:29 text file: Protocol Summary Report 2007846621.txt
2021-06-04 16:29:29 text file: Protocol Summary Report 1000000472.txt
2021-06-04 16:29:29 text file: Protocol Summary Report 2003431647.txt
2021-06-04 16:29:29 text file: Protocol Summary Report 1200000854.txt
2021-06-04 16:29:29 text file: Protocol Summary Report 2006740963.txt
2021-06-04 16:29:29 text file: Protocol Summary Report 1409490088.txt
2021-06-04 16:29:29 text file: Protocol Summary Report 1512246359.txt
2021-06-04 16:29:29 text file: Protocol Summary Report 1812153163.txt
2021-06-04 16:29:29 text file: Protocol Summary Report 1511198987.txt
2021-06-04 16:29:29 text file: Protocol Summary Report 1501631658.txt
2021-06-04 16:29:29 text file: Protocol Summary Report 1805622754.txt
2021-06-04 16:29:29 text file: Protocol Summary Report 1200000756.txt
2021-06-04 16:29:29 text file: Protocol Summary Report 1806679946.txt
2021-06-04 16:29:29 text file: Protocol Summary Report 1710964596.txt
2021-06-04 16:29:29 text file: Protocol Summary Report 2010135295.txt
2021-06-04 16:29:29 text file: Protocol Summary Report 1703289391.txt
2021-06-04 16:29:29 text file: Protocol Summary Report 1100000249.txt
2021-06-04 16:29:29 text file: Protocol Summary Report 2101428036.txt
2021-06-04 16:29:29 text file: Protocol Summary Report 1401199220.txt
2021-06-04 16:29:29 text file: Protocol Summary Report 2007830818.txt
2021-06-04 16:29:29 ERROR: 'chunk.03.txt' is not equivalent!
2021-06-04 16:29:29 text file: Protocol Summary Report 2004547759.txt
2021-06-04 16:29:29 text file: Protocol Summary Report 1909987814.txt
2021-06-04 16:29:29 text file: Protocol Summary Report 1300000768.txt
2021-06-04 16:29:29 text file: Protocol Summary Report 2103614374.txt
2021-06-04 16:29:29 text file: Protocol Summary Report 1804452755.txt
2021-06-04 16:29:29 text file: Protocol Summary Report 1505852788.txt
2021-06-04 16:29:29 text file: Protocol Summary Report 1802291414.txt
2021-06-04 16:29:29 text file: Protocol Summary Report 1300000078.txt
2021-06-04 16:29:29 text file: Protocol Summary Report 1505853540.txt
2021-06-04 16:29:29 text file: Protocol Summary Report 1702217969.txt
2021-06-04 16:29:29 text file: Protocol Summary Report 1905658573.txt
2021-06-04 16:29:29 text file: Protocol Summary Report 2102492628.txt
2021-06-04 16:29:29 text file: Protocol Summary Report 1703308755.txt
2021-06-04 16:29:29 text file: Protocol Summary Report 1200000240.txt
2021-06-04 16:29:29 text file: Protocol Summary Report 1409504591.txt
2021-06-04 16:29:29 text file: Protocol Summary Report 1603473774.txt
2021-06-04 16:29:29 text file: Protocol Summary Report 1200000764.txt
2021-06-04 16:29:29 text file: Protocol Summary Report 2005687621.txt
2021-06-04 16:29:29 text file: Protocol Summary Report 1605601604.txt
2021-06-04 16:29:29 text file: Protocol Summary Report 1602407398.txt
2021-06-04 16:29:29 text file: Protocol Summary Report 1401186414.txt
2021-06-04 16:29:29 text file: Protocol Summary Report 1300000339.txt
2021-06-04 16:29:29 text file: Protocol Summary Report 1811143526.txt
2021-06-04 16:29:29 text file: Protocol Summary Report 2103616511.txt
2021-06-04 16:29:29 text file: Protocol Summary Report 2004581916.txt
2021-06-04 16:29:29 text file: Protocol Summary Report 1503744616.txt
2021-06-04 16:29:29 text file: Protocol Summary Report 1709807187.txt
2021-06-04 16:29:29 text file: Protocol Summary Report 1300000610.txt
2021-06-04 16:29:29 text file: Protocol Summary Report 1811075486.txt
2021-06-04 16:29:29 text file: Protocol Summary Report 1300000562.txt
2021-06-04 16:29:29 text file: Protocol Summary Report 1703329982.txt
2021-06-04 16:29:29 text file: Protocol Summary Report 1703269145.txt
2021-06-04 16:29:29 text file: Protocol Summary Report 1809932233.txt
2021-06-04 16:29:29 text file: Protocol Summary Report 1910103454.txt
2021-06-04 16:29:29 text file: Protocol Summary Report 1805532450.txt
2021-06-04 16:29:29 text file: Protocol Summary Report 1906724129.txt
2021-06-04 16:29:29 text file: Protocol Summary Report 1711031697.txt
2021-06-04 16:29:29 text file: Protocol Summary Report 1710950928.txt
2021-06-04 16:29:29 text file: Protocol Summary Report 1905599033.txt
2021-06-04 16:29:29 text file: Protocol Summary Report 1707628126.txt
2021-06-04 16:29:29 text file: Protocol Summary Report 1811136131.txt
2021-06-04 16:29:29 text file: Protocol Summary Report 1000000356.txt
2021-06-04 16:29:29 text file: Protocol Summary Report 1507979659.txt
2021-06-04 16:29:29 text file: Protocol Summary Report 1703274963.txt
2021-06-04 16:29:29 text file: Protocol Summary Report 1808863863.txt
2021-06-04 16:29:29 text file: Protocol Summary Report 1808863842.txt
2021-06-04 16:29:29 text file: Protocol Summary Report 1509141462.txt
2021-06-04 16:29:29 text file: Protocol Summary Report 1605586390.txt
2021-06-04 16:29:29 text file: Protocol Summary Report 2104706137.txt
2021-06-04 16:29:29 text file: Protocol Summary Report 2102442441.txt
2021-06-04 16:29:29 text file: Protocol Summary Report 2012289719.txt
2021-06-04 16:29:29 text file: Protocol Summary Report 1810994744.txt
2021-06-04 16:29:29 text file: Protocol Summary Report 1411585826.txt
2021-06-04 16:29:29 text file: Protocol Summary Report 1100000546.txt
2021-06-04 16:29:29 text file: Protocol Summary Report 1300000514.txt
2021-06-04 16:29:29 text file: Protocol Summary Report 1707613076.txt
2021-06-04 16:29:29 text file: Protocol Summary Report 2007861602.txt
2021-06-04 16:29:29 text file: Protocol Summary Report 1902379102.txt
2021-06-04 16:29:29 text file: Protocol Summary Report 1000000499.txt
2021-06-04 16:29:29 text file: Protocol Summary Report 2010152337.txt
2021-06-04 16:29:29 text file: Protocol Summary Report 1603474250.txt
2021-06-04 16:29:29 text file: Protocol Summary Report 1603477295.txt
2021-06-04 16:29:29 text file: Protocol Summary Report 1200000746.txt
2021-06-04 16:29:29 text file: Protocol Summary Report 2102545244.txt
2021-06-04 16:29:29 text file: Protocol Summary Report 1905588628.txt
2021-06-04 16:29:29 text file: Protocol Summary Report 1810994779.txt
2021-06-04 16:29:29 text file: Protocol Summary Report 2012255816.txt
2021-06-04 16:29:29 text file: Protocol Summary Report 2011223598.txt
2021-06-04 16:29:29 text file: Protocol Summary Report 1707616299.txt
2021-06-04 16:29:29 text file: Protocol Summary Report 1407408387.txt
2021-06-04 16:29:29 text file: Protocol Summary Report 1809938086.txt
2021-06-04 16:29:29 text file: Protocol Summary Report 2001338403.txt
2021-06-04 16:29:29 text file: Protocol Summary Report 1602373940.txt
2021-06-04 16:29:29 text file: Protocol Summary Report 1000000149.txt
2021-06-04 16:29:29 text file: Protocol Summary Report 1705475121.txt
2021-06-04 16:29:29 text file: Protocol Summary Report 0900000308.txt
2021-06-04 16:29:29 text file: Protocol Summary Report 1606653257.txt
2021-06-04 16:29:29 text file: Protocol Summary Report 1905649188.txt
2021-06-04 16:29:29 text file: Protocol Summary Report 2003428066.txt
2021-06-04 16:29:29 text file: Protocol Summary Report 1710940575.txt
2021-06-04 16:29:29 text file: Protocol Summary Report 1406376153.txt
2021-06-04 16:29:29 text file: Protocol Summary Report 1911159418.txt
2021-06-04 16:29:29 text file: Protocol Summary Report 1200000568.txt
2021-06-04 16:29:29 text file: Protocol Summary Report 1200000351.txt
2021-06-04 16:29:29 text file: Protocol Summary Report 1000000697.txt
2021-06-04 16:29:29 text file: Protocol Summary Report 1706552571.txt
2021-06-04 16:29:29 text file: Protocol Summary Report 1602364124.txt
2021-06-04 16:29:29 text file: Protocol Summary Report 1405333278.txt
2021-06-04 16:29:29 text file: Protocol Summary Report 1805592006.txt
2021-06-04 16:29:29 text file: Protocol Summary Report 1702182306.txt
2021-06-04 16:29:29 text file: Protocol Summary Report 1908890798.txt
2021-06-04 16:29:29 text file: Protocol Summary Report 2011182156.txt
2021-06-04 16:29:29 text file: Protocol Summary Report 2010112427.txt
2021-06-04 16:29:29 text file: Protocol Summary Report 1200000391.txt
2021-06-04 16:29:29 text file: Protocol Summary Report 1907777489.txt
2021-06-04 16:29:29 text file: Protocol Summary Report 1612091058.txt
2021-06-04 16:29:29 text file: Protocol Summary Report 1100000701.txt
2021-06-04 16:29:29 text file: Protocol Summary Report 1300000782.txt
2021-06-04 16:29:29 text file: Protocol Summary Report 0900000743.txt
2021-06-04 16:29:29 text file: Protocol Summary Report 1709866485.txt
2021-06-04 16:29:29 text file: Protocol Summary Report 1809924788.txt
2021-06-04 16:29:29 text file: Protocol Summary Report 1912252658.txt
2021-06-04 16:29:29 text file: Protocol Summary Report 1907796758.txt
2021-06-04 16:29:29 text file: Protocol Summary Report 1609834889.txt
2021-06-04 16:29:29 text file: Protocol Summary Report 1909964929.txt
2021-06-04 16:29:29 text file: Protocol Summary Report 1408448583.txt
2021-06-04 16:29:29 text file: Protocol Summary Report 1801199401.txt
2021-06-04 16:29:29 text file: Protocol Summary Report 2101341577.txt
2021-06-04 16:29:29 text file: Protocol Summary Report 1607745767.txt
2021-06-04 16:29:29 text file: Protocol Summary Report 1807728412.txt
2021-06-04 16:29:29 text file: Protocol Summary Report 2103595228.txt
2021-06-04 16:29:29 text file: Protocol Summary Report 1709844529.txt
2021-06-04 16:29:29 text file: Protocol Summary Report 0600000743.txt
2021-06-04 16:29:29 text file: Protocol Summary Report 1300000034.txt
2021-06-04 16:29:29 text file: Protocol Summary Report 2004560766.txt
2021-06-04 16:29:29 text file: Protocol Summary Report 1100000139.txt
2021-06-04 16:29:29 text file: Protocol Summary Report 1804473934.txt
2021-06-04 16:29:29 text file: Protocol Summary Report 2003424215.txt
2021-06-04 16:29:29 text file: Protocol Summary Report 0900001082.txt
2021-06-04 16:29:29 text file: Protocol Summary Report 1200000990.txt
2021-06-04 16:29:29 text file: Protocol Summary Report 1604549873.txt
2021-06-04 16:29:29 text file: Protocol Summary Report 1100000147.txt
2021-06-04 16:29:29 text file: Protocol Summary Report 1406355296.txt
2021-06-04 16:29:29 text file: Protocol Summary Report 1907824872.txt
2021-06-04 16:29:29 text file: Protocol Summary Report 1808878400.txt
2021-06-04 16:29:29 text file: Protocol Summary Report 1100000736.txt
2021-06-04 16:29:29 text file: Protocol Summary Report 1409505107.txt
2021-06-04 16:29:29 text file: Protocol Summary Report 1300000855.txt
2021-06-04 16:29:29 text file: Protocol Summary Report 2005672448.txt
2021-06-04 16:29:29 text file: Protocol Summary Report 1100001020.txt
2021-06-04 16:29:29 text file: Protocol Summary Report 1710911693.txt
2021-06-04 16:29:29 text file: Protocol Summary Report 1611964216.txt
2021-06-04 16:29:29 text file: Protocol Summary Report 1100000912.txt
2021-06-04 16:29:29 text file: Protocol Summary Report 1804474910.txt
2021-06-04 16:29:29 text file: Protocol Summary Report 2101336077.txt
2021-06-04 16:29:29 text file: Protocol Summary Report 1200000045.txt
2021-06-04 16:29:29 text file: Protocol Summary Report 2005625472.txt
2021-06-04 16:29:29 text file: Protocol Summary Report 0500000303.txt
2021-06-04 16:29:29 text file: Protocol Summary Report 2009058457.txt
2021-06-04 16:29:29 text file: Protocol Summary Report 1501658535.txt
2021-06-04 16:29:29 text file: Protocol Summary Report 1200001022.txt
2021-06-04 16:29:29 text file: Protocol Summary Report 1100000642.txt
2021-06-04 16:29:29 text file: Protocol Summary Report 1708751424.txt
2021-06-04 16:29:29 text file: Protocol Summary Report 1501650996.txt
2021-06-04 16:29:29 text file: Protocol Summary Report 1905661380.txt
2021-06-04 16:29:29 text file: Protocol Summary Report 1806663771.txt
2021-06-04 16:29:29 text file: Protocol Summary Report 1905607329.txt
2021-06-04 16:29:29 text file: Protocol Summary Report 1709822806.txt
2021-06-04 16:29:29 text file: Protocol Summary Report 1312166675.txt
2021-06-04 16:29:29 text file: Protocol Summary Report 1801179462.txt
2021-06-04 16:29:29 text file: Protocol Summary Report 1709842313.txt
2021-06-04 16:29:29 text file: Protocol Summary Report 1711020133.txt
2021-06-04 16:29:29 text file: Protocol Summary Report 1412591150.txt
2021-06-04 16:29:29 text file: Protocol Summary Report 1609859817.txt
2021-06-04 16:29:29 text file: Protocol Summary Report 1811120365.txt
2021-06-04 16:29:29 text file: Protocol Summary Report 1705408767.txt
2021-06-04 16:29:29 text file: Protocol Summary Report 9600000328.txt
2021-06-04 16:29:29 text file: Protocol Summary Report 2006748396.txt
2021-06-04 16:29:29 text file: Protocol Summary Report 2102519562.txt
2021-06-04 16:29:29 text file: Protocol Summary Report 1404295693.txt
2021-06-04 16:29:29 text file: Protocol Summary Report 2011181447.txt
2021-06-04 16:29:29 text file: Protocol Summary Report 1100000365.txt
2021-06-04 16:29:29 text file: Protocol Summary Report 1510179655.txt
2021-06-04 16:29:29 text file: Protocol Summary Report 1704404409.txt
2021-06-04 16:29:29 text file: Protocol Summary Report 1000000551.txt
2021-06-04 16:29:29 text file: Protocol Summary Report 1200000350.txt
2021-06-04 16:29:29 text file: Protocol Summary Report 1803358065.txt
2021-06-04 16:29:29 text file: Protocol Summary Report 0600000665.txt
2021-06-04 16:29:29 text file: Protocol Summary Report 1905660091.txt
2021-06-04 16:29:29 text file: Protocol Summary Report 0700000550.txt
2021-06-04 16:29:29 text file: Protocol Summary Report 2001298862.txt
2021-06-04 16:29:29 text file: Protocol Summary Report 1505860458.txt
2021-06-04 16:29:29 text file: Protocol Summary Report 1504782899.txt
2021-06-04 16:29:29 text file: Protocol Summary Report 1200000283.txt
2021-06-04 16:29:29 text file: Protocol Summary Report 1607717242.txt
2021-06-04 16:29:29 text file: Protocol Summary Report 1712148441.txt
2021-06-04 16:29:29 text file: Protocol Summary Report 1907809222.txt
2021-06-04 16:29:29 text file: Protocol Summary Report 1903449531.txt
2021-06-04 16:29:29 text file: Protocol Summary Report 1802292584.txt
2021-06-04 16:29:29 text file: Protocol Summary Report 1603436588.txt
2021-06-04 16:29:29 text file: Protocol Summary Report 1811117934.txt
2021-06-04 16:29:29 text file: Protocol Summary Report 1904558354.txt
2021-06-04 16:29:29 text file: Protocol Summary Report 1504782489.txt
2021-06-04 16:29:29 text file: Protocol Summary Report 1100000764.txt
2021-06-04 16:29:29 text file: Protocol Summary Report 1703278830.txt
2021-06-04 16:29:29 text file: Protocol Summary Report 1612084235.txt
2021-06-04 16:29:29 text file: Protocol Summary Report 1200000243.txt
2021-06-04 16:29:29 text file: Protocol Summary Report 2006736568.txt
2021-06-04 16:29:29 text file: Protocol Summary Report 1406354822.txt
2021-06-04 16:29:29 text file: Protocol Summary Report 0600000786.txt
2021-06-04 16:29:29 text file: Protocol Summary Report 1901246407.txt
2021-06-04 16:29:29 text file: Protocol Summary Report 1803426587.txt
2021-06-04 16:29:29 text file: Protocol Summary Report 2102493963.txt
2021-06-04 16:29:29 text file: Protocol Summary Report 2001331664.txt
2021-06-04 16:29:29 text file: Protocol Summary Report 1300000626.txt
2021-06-04 16:29:29 text file: Protocol Summary Report 1701113135.txt
2021-06-04 16:29:29 text file: Protocol Summary Report 1100000310.txt
2021-06-04 16:29:29 text file: Protocol Summary Report 0800000243.txt
2021-06-04 16:29:29 text file: Protocol Summary Report 0700000831.txt
2021-06-04 16:29:29 text file: Protocol Summary Report 2007892487.txt
2021-06-04 16:29:29 text file: Protocol Summary Report 1602399372.txt
2021-06-04 16:29:29 text file: Protocol Summary Report 1200001023.txt
2021-06-04 16:29:29 text file: Protocol Summary Report 1610921707.txt
2021-06-04 16:29:29 text file: Protocol Summary Report 1510177688.txt
2021-06-04 16:29:29 text file: Protocol Summary Report 1901248296.txt
2021-06-04 16:29:29 text file: Protocol Summary Report 2009038851.txt
2021-06-04 16:29:29 text file: Protocol Summary Report 1200000388.txt
2021-06-04 16:29:29 text file: Protocol Summary Report 1508036785.txt
2021-06-04 16:29:29 text file: Protocol Summary Report 1910022970.txt
2021-06-04 16:29:29 text file: Protocol Summary Report 2009060851.txt
2021-06-04 16:29:29 text file: Protocol Summary Report 1408450623.txt
2021-06-04 16:29:29 text file: Protocol Summary Report 1907825295.txt
2021-06-04 16:29:29 text file: Protocol Summary Report 1702200457.txt
2021-06-04 16:29:29 text file: Protocol Summary Report 1912251764.txt
2021-06-04 16:29:29 text file: Protocol Summary Report 2007841431.txt
2021-06-04 16:29:29 text file: Protocol Summary Report 1403240128.txt
2021-06-04 16:29:29 text file: Protocol Summary Report 1806664263.txt
2021-06-04 16:29:29 text file: Protocol Summary Report 2101421014.txt
2021-06-04 16:29:29 text file: Protocol Summary Report 1100000097.txt
2021-06-04 16:29:29 text file: Protocol Summary Report 1807799524.txt
2021-06-04 16:29:29 text file: Protocol Summary Report 1602365248.txt
2021-06-04 16:29:29 text file: Protocol Summary Report 1801199790.txt
2021-06-04 16:29:29 text file: Protocol Summary Report 1200000427.txt
2021-06-04 16:29:29 text file: Protocol Summary Report 2006741024.txt
2021-06-04 16:29:29 text file: Protocol Summary Report 0700000098.txt
2021-06-04 16:29:29 text file: Protocol Summary Report 1504821375.txt
2021-06-04 16:29:29 text file: Protocol Summary Report 2103637631.txt
2021-06-04 16:29:29 text file: Protocol Summary Report 1901244796.txt
2021-06-04 16:29:29 text file: Protocol Summary Report 0800000838.txt
2021-06-04 16:29:29 text file: Protocol Summary Report 2006771521.txt
2021-06-04 16:29:29 text file: Protocol Summary Report 1300000086.txt
2021-06-04 16:29:29 text file: Protocol Summary Report 1801208971.txt
2021-06-04 16:29:29 text file: Protocol Summary Report 1706521627.txt
2021-06-04 16:29:29 text file: Protocol Summary Report 1300000731.txt
2021-06-04 16:29:29 text file: Protocol Summary Report 1402228338.txt
2021-06-04 16:29:29 text file: Protocol Summary Report 0800001128.txt
2021-06-04 16:29:29 text file: Protocol Summary Report 1100000646.txt
2021-06-04 16:29:29 text file: Protocol Summary Report 1808905345.txt
2021-06-04 16:29:29 text file: Protocol Summary Report 1504814566.txt
2021-06-04 16:29:29 text file: Protocol Summary Report 2003491098.txt
2021-06-04 16:29:29 text file: Protocol Summary Report 1300000574.txt
2021-06-04 16:29:29 text file: Protocol Summary Report 1000000159.txt
2021-06-04 16:29:29 text file: Protocol Summary Report 1604489393.txt
2021-06-04 16:29:29 text file: Protocol Summary Report 1808845987.txt
2021-06-04 16:29:29 text file: Protocol Summary Report 1603452557.txt
2021-06-04 16:29:29 text file: Protocol Summary Report 1611005058.txt
2021-06-04 16:29:29 text file: Protocol Summary Report 1200000975.txt
2021-06-04 16:29:29 text file: Protocol Summary Report 1300000303.txt
2021-06-04 16:29:29 text file: Protocol Summary Report 1000000271.txt
2021-06-04 16:29:29 text file: Protocol Summary Report 1300000087.txt
2021-06-04 16:29:29 text file: Protocol Summary Report 1805546234.txt
2021-06-04 16:29:29 text file: Protocol Summary Report 1000000524.txt
2021-06-04 16:29:29 text file: Protocol Summary Report 1802259130.txt
2021-06-04 16:29:29 text file: Protocol Summary Report 1604495023.txt
2021-06-04 16:29:29 text file: Protocol Summary Report 1401193433.txt
2021-06-04 16:29:29 text file: Protocol Summary Report 1501641918.txt
2021-06-04 16:29:29 text file: Protocol Summary Report 1906684715.txt
2021-06-04 16:29:29 text file: Protocol Summary Report 1608762767.txt
2021-06-04 16:29:29 text file: Protocol Summary Report 1506941849.txt
2021-06-04 16:29:29 text file: Protocol Summary Report 2001330627.txt
2021-06-04 16:29:29 text file: Protocol Summary Report 1506895500.txt
2021-06-04 16:29:29 text file: Protocol Summary Report 1708763305.txt
2021-06-04 16:29:29 text file: Protocol Summary Report 1000000097.txt
2021-06-04 16:29:29 text file: Protocol Summary Report 1512242196.txt
2021-06-04 16:29:29 text file: Protocol Summary Report 1810993812.txt
2021-06-04 16:29:29 text file: Protocol Summary Report 2012308714.txt
2021-06-04 16:29:29 text file: Protocol Summary Report 1711057148.txt
2021-06-04 16:29:29 text file: Protocol Summary Report 1912201340.txt
2021-06-04 16:29:29 text file: Protocol Summary Report 1402217946.txt
2021-06-04 16:29:29 text file: Protocol Summary Report 1300000450.txt
2021-06-04 16:29:29 text file: Protocol Summary Report 1100000211.txt
2021-06-04 16:29:29 text file: Protocol Summary Report 1804508070.txt
2021-06-04 16:29:29 text file: Protocol Summary Report 1200000451.txt
2021-06-04 16:29:29 text file: Protocol Summary Report 1905649535.txt
2021-06-04 16:29:29 text file: Protocol Summary Report 1505844010.txt
2021-06-04 16:29:29 text file: Protocol Summary Report 1612040835.txt
2021-06-04 16:29:29 text file: Protocol Summary Report 1803431693.txt
2021-06-04 16:29:29 text file: Protocol Summary Report 1507988359.txt
2021-06-04 16:29:29 text file: Protocol Summary Report 1503764224.txt
2021-06-04 16:29:29 text file: Protocol Summary Report 1705468598.txt
2021-06-04 16:29:29 text file: Protocol Summary Report 1602387296.txt
2021-06-04 16:29:29 text file: Protocol Summary Report 1610963241.txt
2021-06-04 16:29:29 text file: Protocol Summary Report 1511241877.txt
2021-06-04 16:29:29 text file: Protocol Summary Report 1506910533.txt
2021-06-04 16:29:29 text file: Protocol Summary Report 1609879360.txt
2021-06-04 16:29:29 text file: Protocol Summary Report 1510181984.txt
2021-06-04 16:29:29 text file: Protocol Summary Report 1300000083.txt
2021-06-04 16:29:29 text file: Protocol Summary Report 1809932324.txt
2021-06-04 16:29:29 text file: Protocol Summary Report 1903449506.txt
2021-06-04 16:29:29 text file: Protocol Summary Report 1701117747.txt
2021-06-04 16:29:29 text file: Protocol Summary Report 1406360760.txt
2021-06-04 16:29:29 text file: Protocol Summary Report 1605557372.txt
2021-06-04 16:29:29 text file: Protocol Summary Report 2006731541.txt
2021-06-04 16:29:29 text file: Protocol Summary Report 1902339235.txt
2021-06-04 16:29:29 text file: Protocol Summary Report 1100000615.txt
2021-06-04 16:29:29 text file: Protocol Summary Report 1000000660.txt
2021-06-04 16:29:29 text file: Protocol Summary Report 1607738520.txt
2021-06-04 16:29:29 text file: Protocol Summary Report 2009060623.txt
2021-06-04 16:29:29 text file: Protocol Summary Report 1802251292.txt
2021-06-04 16:29:29 text file: Protocol Summary Report 1712087321.txt
2021-06-04 16:29:29 text file: Protocol Summary Report 1409475100.txt
2021-06-04 16:29:29 text file: Protocol Summary Report 1608794888.txt
2021-06-04 16:29:29 text file: Protocol Summary Report 1610948307.txt
2021-06-04 16:29:29 text file: Protocol Summary Report 1803349084.txt
2021-06-04 16:29:29 text file: Protocol Summary Report 1200000932.txt
2021-06-04 16:29:29 text file: Protocol Summary Report 2003423113.txt
2021-06-04 16:29:29 text file: Protocol Summary Report 2005661698.txt
2021-06-04 16:29:29 text file: Protocol Summary Report 1909013077.txt
2021-06-04 16:29:29 text file: Protocol Summary Report 1709801944.txt
2021-06-04 16:29:29 text file: Protocol Summary Report 1707611813.txt
2021-06-04 16:29:29 text file: Protocol Summary Report 1605592576.txt
2021-06-04 16:29:29 text file: Protocol Summary Report 1710911206.txt
2021-06-04 16:29:29 text file: Protocol Summary Report 1506949649.txt
2021-06-04 16:29:29 text file: Protocol Summary Report 1410526597.txt
2021-06-04 16:29:29 text file: Protocol Summary Report 1807779809.txt
2021-06-04 16:29:29 text file: Protocol Summary Report 1611012822.txt
2021-06-04 16:29:29 text file: Protocol Summary Report 2009017164.txt
2021-06-04 16:29:29 text file: Protocol Summary Report 1601345848.txt
2021-06-04 16:29:29 text file: Protocol Summary Report 0800000828.txt
2021-06-04 16:29:29 text file: Protocol Summary Report 2004560748.txt
2021-06-04 16:29:29 text file: Protocol Summary Report 2102467279.txt
2021-06-04 16:29:29 text file: Protocol Summary Report 1706508257.txt
2021-06-04 16:29:29 text file: Protocol Summary Report 1404304985.txt
2021-06-04 16:29:29 text file: Protocol Summary Report 1703274765.txt
2021-06-04 16:29:29 text file: Protocol Summary Report 1200000916.txt
2021-06-04 16:29:29 text file: Protocol Summary Report 1812161805.txt
2021-06-04 16:29:29 text file: Protocol Summary Report 1200000028.txt
2021-06-04 16:29:29 text file: Protocol Summary Report 1200000744.txt
2021-06-04 16:29:29 text file: Protocol Summary Report 1200000300.txt
2021-06-04 16:29:29 text file: Protocol Summary Report 0200000593.txt
2021-06-04 16:29:29 text file: Protocol Summary Report 1604515311.txt
2021-06-04 16:29:29 text file: Protocol Summary Report 1100000153.txt
2021-06-04 16:29:29 text file: Protocol Summary Report 1603429635.txt
2021-06-04 16:29:29 text file: Protocol Summary Report 1704371049.txt
2021-06-04 16:29:29 text file: Protocol Summary Report 1501658128.txt
2021-06-04 16:29:29 text file: Protocol Summary Report 2104727809.txt
2021-06-04 16:29:29 text file: Protocol Summary Report 1911181928.txt
2021-06-04 16:29:29 text file: Protocol Summary Report 1706593027.txt
2021-06-04 16:29:29 text file: Protocol Summary Report 1407424896.txt
2021-06-04 16:29:29 text file: Protocol Summary Report 1606665223.txt
2021-06-04 16:29:29 text file: Protocol Summary Report 1706539967.txt
2021-06-04 16:29:29 text file: Protocol Summary Report 1810016120.txt
2021-06-04 16:29:29 text file: Protocol Summary Report 1704345989.txt
2021-06-04 16:29:29 text file: Protocol Summary Report 2004536781.txt
2021-06-04 16:29:29 text file: Protocol Summary Report 1804498194.txt
2021-06-04 16:29:29 text file: Protocol Summary Report 2004542372.txt
2021-06-04 16:29:29 text file: Protocol Summary Report 1507982644.txt
2021-06-04 16:29:29 text file: Protocol Summary Report 1807756533.txt
2021-06-04 16:29:29 text file: Protocol Summary Report 9300000025.txt
2021-06-04 16:29:29 text file: Protocol Summary Report 1708738862.txt
2021-06-04 16:29:29 text file: Protocol Summary Report 1911159728.txt
2021-06-04 16:29:29 text file: Protocol Summary Report 1501636993.txt
2021-06-04 16:29:29 text file: Protocol Summary Report 1805608650.txt
2021-06-04 16:29:29 text file: Protocol Summary Report 1806699495.txt
2021-06-04 16:29:29 text file: Protocol Summary Report 1300000543.txt
2021-06-04 16:29:29 text file: Protocol Summary Report 1612056353.txt
2021-06-04 16:29:29 text file: Protocol Summary Report 1512258467.txt
2021-06-04 16:29:29 text file: Protocol Summary Report 1801217833.txt
2021-06-04 16:29:29 text file: Protocol Summary Report 1905619289.txt
2021-06-04 16:29:29 text file: Protocol Summary Report 1911181198.txt
2021-06-04 16:29:29 text file: Protocol Summary Report 2007842280.txt
2021-06-04 16:29:29 text file: Protocol Summary Report 1709813717.txt
2021-06-04 16:29:29 text file: Protocol Summary Report 2010130087.txt
2021-06-04 16:29:29 text file: Protocol Summary Report 1810987952.txt
2021-06-04 16:29:29 text file: Protocol Summary Report 1609879338.txt
2021-06-04 16:29:29 text file: Protocol Summary Report 1401187428.txt
2021-06-04 16:29:29 text file: Protocol Summary Report 1810994789.txt
2021-06-04 16:29:29 text file: Protocol Summary Report 2002373122.txt
2021-06-04 16:29:29 text file: Protocol Summary Report 1907792539.txt
2021-06-04 16:29:29 text file: Protocol Summary Report 1200000412.txt
2021-06-04 16:29:29 text file: Protocol Summary Report 2004549213.txt
2021-06-04 16:29:29 text file: Protocol Summary Report 1811078770.txt
2021-06-04 16:29:29 text file: Protocol Summary Report 1200000552.txt
2021-06-04 16:29:29 text file: Protocol Summary Report 1000000373.txt
2021-06-04 16:29:29 text file: Protocol Summary Report 1504771581.txt
2021-06-04 16:29:29 text file: Protocol Summary Report 1704403300.txt
2021-06-04 16:29:29 text file: Protocol Summary Report 2008998679.txt
2021-06-04 16:29:29 text file: Protocol Summary Report 1812222802.txt
2021-06-04 16:29:29 text file: Protocol Summary Report 1402224312.txt
2021-06-04 16:29:29 text file: Protocol Summary Report 1612049515.txt
2021-06-04 16:29:29 text file: Protocol Summary Report 1000000600.txt
2021-06-04 16:29:29 text file: Protocol Summary Report 2011187154.txt
2021-06-04 16:29:29 text file: Protocol Summary Report 2006724188.txt
2021-06-04 16:29:29 text file: Protocol Summary Report 1000000769.txt
2021-06-04 16:29:29 text file: Protocol Summary Report 1509135447.txt
2021-06-04 16:29:29 text file: Protocol Summary Report 1905640080.txt
2021-06-04 16:29:29 text file: Protocol Summary Report 1908869538.txt
2021-06-04 16:29:29 text file: Protocol Summary Report 2004557574.txt
2021-06-04 16:29:29 text file: Protocol Summary Report 1608798340.txt
2021-06-04 16:29:29 text file: Protocol Summary Report 1200000992.txt
2021-06-04 16:29:29 text file: Protocol Summary Report 1200000907.txt
2021-06-04 16:29:29 text file: Protocol Summary Report 1300000564.txt
2021-06-04 16:29:29 text file: Protocol Summary Report 1704357174.txt
2021-06-04 16:29:29 text file: Protocol Summary Report 1100000110.txt
2021-06-04 16:29:29 text file: Protocol Summary Report 2102536092.txt
2021-06-04 16:29:29 text file: Protocol Summary Report 1803341428.txt
2021-06-04 16:29:29 text file: Protocol Summary Report 1404277708.txt
2021-06-04 16:29:29 text file: Protocol Summary Report 1200000136.txt
2021-06-04 16:29:29 text file: Protocol Summary Report 1000000636.txt
2021-06-04 16:29:29 text file: Protocol Summary Report 2103587668.txt
2021-06-04 16:29:29 text file: Protocol Summary Report 2004611018.txt
2021-06-04 16:29:29 text file: Protocol Summary Report 1901302694.txt
2021-06-04 16:29:29 text file: Protocol Summary Report 1603425852.txt
2021-06-04 16:29:29 text file: Protocol Summary Report 1100000024.txt
2021-06-04 16:29:29 text file: Protocol Summary Report 1907816000.txt
2021-06-04 16:29:29 text file: Protocol Summary Report 1510183556.txt
2021-06-04 16:29:29 text file: Protocol Summary Report 1906695630.txt
2021-06-04 16:29:29 text file: Protocol Summary Report 1606652304.txt
2021-06-04 16:29:29 text file: Protocol Summary Report 1705470369.txt
2021-06-04 16:29:29 text file: Protocol Summary Report 1909939825.txt
2021-06-04 16:29:29 text file: Protocol Summary Report 1809956959.txt
2021-06-04 16:29:29 text file: Protocol Summary Report 0800000376.txt
2021-06-04 16:29:29 text file: Protocol Summary Report 1809924713.txt
2021-06-04 16:29:29 text file: Protocol Summary Report 1809941090.txt
2021-06-04 16:29:29 text file: Protocol Summary Report 1000000244.txt
2021-06-04 16:29:29 text file: Protocol Summary Report 1200001025.txt
2021-06-04 16:29:29 text file: Protocol Summary Report 1505826444.txt
2021-06-04 16:29:29 text file: Protocol Summary Report 1406387093.txt
2021-06-04 16:29:29 text file: Protocol Summary Report 1903452052.txt
2021-06-04 16:29:29 text file: Protocol Summary Report 1510177622.txt
2021-06-04 16:29:29 text file: Protocol Summary Report 1601333994.txt
2021-06-04 16:29:29 text file: Protocol Summary Report 1706515737.txt
2021-06-04 16:29:29 text file: Protocol Summary Report 1811061332.txt
2021-06-04 16:29:29 text file: Protocol Summary Report 1807729635.txt
2021-06-04 16:29:29 text file: Protocol Summary Report 1300000662.txt
2021-06-04 16:29:29 text file: Protocol Summary Report 2004590240.txt
2021-06-04 16:29:29 text file: Protocol Summary Report 1609883296.txt
2021-06-04 16:29:29 text file: Protocol Summary Report 1601317143.txt
2021-06-04 16:29:29 text file: Protocol Summary Report 1604503327.txt
2021-06-04 16:29:29 text file: Protocol Summary Report 1710900482.txt
2021-06-04 16:29:29 text file: Protocol Summary Report 2012326965.txt
2021-06-04 16:29:29 text file: Protocol Summary Report 1607714727.txt
2021-06-04 16:29:29 text file: Protocol Summary Report 0700000508.txt
2021-06-04 16:29:29 text file: Protocol Summary Report 1802251110.txt
2021-06-04 16:29:29 text file: Protocol Summary Report 1503728998.txt
2021-06-04 16:29:29 text file: Protocol Summary Report 2103609684.txt
2021-06-04 16:29:29 text file: Protocol Summary Report 2010166430.txt
2021-06-04 16:29:29 text file: Protocol Summary Report 1100000333.txt
2021-06-04 16:29:29 text file: Protocol Summary Report 1300000509.txt
2021-06-04 16:29:29 text file: Protocol Summary Report 1909001464.txt
2021-06-04 16:29:29 text file: Protocol Summary Report 1607730250.txt
2021-06-04 16:29:29 text file: Protocol Summary Report 0500000142.txt
2021-06-04 16:29:29 text file: Protocol Summary Report 1510185287.txt
2021-06-04 16:29:29 text file: Protocol Summary Report 1300000046.txt
2021-06-04 16:29:29 text file: Protocol Summary Report 1100000428.txt
2021-06-04 16:29:29 text file: Protocol Summary Report 2104672954.txt
2021-06-04 16:29:29 text file: Protocol Summary Report 1312166864.txt
2021-06-04 16:29:29 text file: Protocol Summary Report 1607730874.txt
2021-06-04 16:29:29 text file: Protocol Summary Report 1609831582.txt
2021-06-04 16:29:29 text file: Protocol Summary Report 1704352398.txt
2021-06-04 16:29:29 text file: Protocol Summary Report 1300000679.txt
2021-06-04 16:29:29 text file: Protocol Summary Report 1300000503.txt
2021-06-04 16:29:29 text file: Protocol Summary Report 1200000325.txt
2021-06-04 16:29:29 text file: Protocol Summary Report 1605613263.txt
2021-06-04 16:29:29 text file: Protocol Summary Report 0800000971.txt
2021-06-04 16:29:29 text file: Protocol Summary Report 1802279116.txt
2021-06-04 16:29:29 text file: Protocol Summary Report 1200000913.txt
2021-06-04 16:29:29 text file: Protocol Summary Report 1100000917.txt
2021-06-04 16:29:29 text file: Protocol Summary Report 1300000255.txt
2021-06-04 16:29:29 text file: Protocol Summary Report 2003441978.txt
2021-06-04 16:29:29 text file: Protocol Summary Report 1609855323.txt
2021-06-04 16:29:29 text file: Protocol Summary Report 2005656555.txt
2021-06-04 16:29:29 text file: Protocol Summary Report 1802253347.txt
2021-06-04 16:29:29 text file: Protocol Summary Report 1812224671.txt
2021-06-04 16:29:29 text file: Protocol Summary Report 2011226157.txt
2021-06-04 16:29:29 text file: Protocol Summary Report 1708777564.txt
2021-06-04 16:29:29 text file: Protocol Summary Report 1300000049.txt
2021-06-04 16:29:29 text file: Protocol Summary Report 1801178476.txt
2021-06-04 16:29:29 text file: Protocol Summary Report 1100000830.txt
2021-06-04 16:29:29 text file: Protocol Summary Report 1803369834.txt
2021-06-04 16:29:29 text file: Protocol Summary Report 1812243472.txt
2021-06-04 16:29:29 text file: Protocol Summary Report 1705445991.txt
2021-06-04 16:29:29 text file: Protocol Summary Report 1602351511.txt
2021-06-04 16:29:29 text file: Protocol Summary Report 1704406984.txt
2021-06-04 16:29:29 text file: Protocol Summary Report 1100000783.txt
2021-06-04 16:29:29 text file: Protocol Summary Report 1704380560.txt
2021-06-04 16:29:29 text file: Protocol Summary Report 1300000445.txt
2021-06-04 16:29:29 text file: Protocol Summary Report 1300000567.txt
2021-06-04 16:29:29 text file: Protocol Summary Report 2102460536.txt
2021-06-04 16:29:29 text file: Protocol Summary Report 1602399754.txt
2021-06-04 16:29:29 text file: Protocol Summary Report 1503717303.txt
2021-06-04 16:29:29 text file: Protocol Summary Report 1603432278.txt
2021-06-04 16:29:29 text file: Protocol Summary Report 1805635898.txt
2021-06-04 16:29:29 text file: Protocol Summary Report 1808860196.txt
2021-06-04 16:29:29 text file: Protocol Summary Report 0800000588.txt
2021-06-04 16:29:29 text file: Protocol Summary Report 1502675489.txt
2021-06-04 16:29:29 text file: Protocol Summary Report 1702182762.txt
2021-06-04 16:29:29 text file: Protocol Summary Report 0900000917.txt
2021-06-04 16:29:29 text file: Protocol Summary Report 1502702704.txt
2021-06-04 16:29:29 text file: Protocol Summary Report 1501652260.txt
2021-06-04 16:29:29 text file: Protocol Summary Report 1605615111.txt
2021-06-04 16:29:29 text file: Protocol Summary Report 1812207820.txt
2021-06-04 16:29:29 text file: Protocol Summary Report 1702236006.txt
2021-06-04 16:29:29 text file: Protocol Summary Report 1200000123.txt
2021-06-04 16:29:29 text file: Protocol Summary Report 1908926725.txt
2021-06-04 16:29:29 text file: Protocol Summary Report 1200000792.txt
2021-06-04 16:29:29 text file: Protocol Summary Report 1912234328.txt
2021-06-04 16:29:29 text file: Protocol Summary Report 1811124213.txt
2021-06-04 16:29:29 text file: Protocol Summary Report 1000000991.txt
2021-06-04 16:29:29 text file: Protocol Summary Report 1803334554.txt
2021-06-04 16:29:29 text file: Protocol Summary Report 1000000445.txt
2021-06-04 16:29:29 text file: Protocol Summary Report 0600000856.txt
2021-06-04 16:29:29 text file: Protocol Summary Report 1910064597.txt
2021-06-04 16:29:29 text file: Protocol Summary Report 1603487278.txt
2021-06-04 16:29:29 text file: Protocol Summary Report 1907845214.txt
2021-06-04 16:29:29 text file: Protocol Summary Report 1707630215.txt
2021-06-04 16:29:29 text file: Protocol Summary Report 1200000182.txt
2021-06-04 16:29:29 text file: Protocol Summary Report 1707680355.txt
2021-06-04 16:29:29 text file: Protocol Summary Report 1602383350.txt
2021-06-04 16:29:29 text file: Protocol Summary Report 1806664697.txt
2021-06-04 16:29:29 text file: Protocol Summary Report 2003427643.txt
2021-06-04 16:29:29 text file: Protocol Summary Report 1701152995.txt
2021-06-04 16:29:29 text file: Protocol Summary Report 1401194084.txt
2021-06-04 16:29:29 text file: Protocol Summary Report 0700000450.txt
2021-06-04 16:29:29 text file: Protocol Summary Report 1909975999.txt
2021-06-04 16:29:29 text file: Protocol Summary Report 1506901192.txt
2021-06-04 16:29:29 text file: Protocol Summary Report 1803349206.txt
2021-06-04 16:29:29 All comparisons complete.
